<?xml version="1.0" encoding="UTF-8"?>
<testng-results skipped="0" failed="0" ignored="0" total="1" passed="1">
  <reporter-output>
  </reporter-output>
  <suite name="Default suite" duration-ms="5159" started-at="2018-07-26T18:09:04Z" finished-at="2018-07-26T18:09:09Z">
    <groups>
    </groups>
    <test name="Default test" duration-ms="5159" started-at="2018-07-26T18:09:04Z" finished-at="2018-07-26T18:09:09Z">
      <class name="com.qa.test.GetPostTest">
        <test-method status="PASS" signature="setUp()[pri:0, instance:com.qa.test.GetPostTest@51565ec2]" name="setUp" is-config="true" duration-ms="45" started-at="2018-07-26T18:09:04Z" finished-at="2018-07-26T18:09:04Z">
          <reporter-output>
          </reporter-output>
        </test-method> <!-- setUp -->
        <test-method status="PASS" signature="getTest()[pri:0, instance:com.qa.test.GetPostTest@51565ec2]" name="getTest" duration-ms="5033" started-at="2018-07-26T18:09:04Z" finished-at="2018-07-26T18:09:09Z">
          <reporter-output>
          </reporter-output>
        </test-method> <!-- getTest -->
      </class> <!-- com.qa.test.GetPostTest -->
    </test> <!-- Default test -->
  </suite> <!-- Default suite -->
</testng-results>
